<?xml version="1.0" encoding="UTF-8"?>
<testsuite xmlns:xsi="http://www.w3.org/2001/XMLSchema-instance" xsi:noNamespaceSchemaLocation="https://maven.apache.org/surefire/maven-surefire-plugin/xsd/surefire-test-report.xsd" name="com.shenque.SpringTestProjectApplicationTests" time="9.987" tests="1" errors="0" skipped="0" failures="0">
  <properties>
    <property name="gopherProxySet" value="false"/>
    <property name="awt.toolkit" value="sun.lwawt.macosx.LWCToolkit"/>
    <property name="file.encoding.pkg" value="sun.io"/>
    <property name="java.specification.version" value="1.8"/>
    <property name="sun.cpu.isalist" value=""/>
    <property name="sun.jnu.encoding" value="UTF-8"/>
    <property name="java.class.path" value="/Users/hzxt/project/IDEAlEARNING/SpringBoot/spring-test-project/target/test-classes:/Users/hzxt/project/IDEAlEARNING/SpringBoot/spring-test-project/target/classes:/Users/hzxt/Maven/repository/org/springframework/boot/spring-boot-starter-web/2.1.4.RELEASE/spring-boot-starter-web-2.1.4.RELEASE.jar:/Users/hzxt/Maven/repository/org/springframework/boot/spring-boot-starter/2.1.4.RELEASE/spring-boot-starter-2.1.4.RELEASE.jar:/Users/hzxt/Maven/repository/org/springframework/boot/spring-boot/2.1.4.RELEASE/spring-boot-2.1.4.RELEASE.jar:/Users/hzxt/Maven/repository/org/springframework/boot/spring-boot-starter-logging/2.1.4.RELEASE/spring-boot-starter-logging-2.1.4.RELEASE.jar:/Users/hzxt/Maven/repository/ch/qos/logback/logback-classic/1.2.3/logback-classic-1.2.3.jar:/Users/hzxt/Maven/repository/ch/qos/logback/logback-core/1.2.3/logback-core-1.2.3.jar:/Users/hzxt/Maven/repository/org/apache/logging/log4j/log4j-to-slf4j/2.11.2/log4j-to-slf4j-2.11.2.jar:/Users/hzxt/Maven/repository/org/apache/logging/log4j/log4j-api/2.11.2/log4j-api-2.11.2.jar:/Users/hzxt/Maven/repository/org/slf4j/jul-to-slf4j/1.7.26/jul-to-slf4j-1.7.26.jar:/Users/hzxt/Maven/repository/javax/annotation/javax.annotation-api/1.3.2/javax.annotation-api-1.3.2.jar:/Users/hzxt/Maven/repository/org/yaml/snakeyaml/1.23/snakeyaml-1.23.jar:/Users/hzxt/Maven/repository/org/springframework/boot/spring-boot-starter-json/2.1.4.RELEASE/spring-boot-starter-json-2.1.4.RELEASE.jar:/Users/hzxt/Maven/repository/com/fasterxml/jackson/core/jackson-databind/2.9.8/jackson-databind-2.9.8.jar:/Users/hzxt/Maven/repository/com/fasterxml/jackson/core/jackson-core/2.9.8/jackson-core-2.9.8.jar:/Users/hzxt/Maven/repository/com/fasterxml/jackson/datatype/jackson-datatype-jdk8/2.9.8/jackson-datatype-jdk8-2.9.8.jar:/Users/hzxt/Maven/repository/com/fasterxml/jackson/datatype/jackson-datatype-jsr310/2.9.8/jackson-datatype-jsr310-2.9.8.jar:/Users/hzxt/Maven/repository/com/fasterxml/jackson/module/jackson-module-parameter-names/2.9.8/jackson-module-parameter-names-2.9.8.jar:/Users/hzxt/Maven/repository/org/springframework/boot/spring-boot-starter-tomcat/2.1.4.RELEASE/spring-boot-starter-tomcat-2.1.4.RELEASE.jar:/Users/hzxt/Maven/repository/org/apache/tomcat/embed/tomcat-embed-core/9.0.17/tomcat-embed-core-9.0.17.jar:/Users/hzxt/Maven/repository/org/apache/tomcat/embed/tomcat-embed-el/9.0.17/tomcat-embed-el-9.0.17.jar:/Users/hzxt/Maven/repository/org/apache/tomcat/embed/tomcat-embed-websocket/9.0.17/tomcat-embed-websocket-9.0.17.jar:/Users/hzxt/Maven/repository/org/hibernate/validator/hibernate-validator/6.0.16.Final/hibernate-validator-6.0.16.Final.jar:/Users/hzxt/Maven/repository/javax/validation/validation-api/2.0.1.Final/validation-api-2.0.1.Final.jar:/Users/hzxt/Maven/repository/org/jboss/logging/jboss-logging/3.3.2.Final/jboss-logging-3.3.2.Final.jar:/Users/hzxt/Maven/repository/org/springframework/spring-web/5.1.6.RELEASE/spring-web-5.1.6.RELEASE.jar:/Users/hzxt/Maven/repository/org/springframework/spring-beans/5.1.6.RELEASE/spring-beans-5.1.6.RELEASE.jar:/Users/hzxt/Maven/repository/org/springframework/spring-webmvc/5.1.6.RELEASE/spring-webmvc-5.1.6.RELEASE.jar:/Users/hzxt/Maven/repository/org/springframework/spring-aop/5.1.6.RELEASE/spring-aop-5.1.6.RELEASE.jar:/Users/hzxt/Maven/repository/org/springframework/spring-context/5.1.6.RELEASE/spring-context-5.1.6.RELEASE.jar:/Users/hzxt/Maven/repository/org/springframework/spring-expression/5.1.6.RELEASE/spring-expression-5.1.6.RELEASE.jar:/Users/hzxt/Maven/repository/org/springframework/boot/spring-boot-configuration-processor/2.1.4.RELEASE/spring-boot-configuration-processor-2.1.4.RELEASE.jar:/Users/hzxt/Maven/repository/org/springframework/boot/spring-boot-starter-test/2.1.4.RELEASE/spring-boot-starter-test-2.1.4.RELEASE.jar:/Users/hzxt/Maven/repository/org/springframework/boot/spring-boot-test/2.1.4.RELEASE/spring-boot-test-2.1.4.RELEASE.jar:/Users/hzxt/Maven/repository/org/springframework/boot/spring-boot-test-autoconfigure/2.1.4.RELEASE/spring-boot-test-autoconfigure-2.1.4.RELEASE.jar:/Users/hzxt/Maven/repository/com/jayway/jsonpath/json-path/2.4.0/json-path-2.4.0.jar:/Users/hzxt/Maven/repository/net/minidev/json-smart/2.3/json-smart-2.3.jar:/Users/hzxt/Maven/repository/net/minidev/accessors-smart/1.2/accessors-smart-1.2.jar:/Users/hzxt/Maven/repository/org/ow2/asm/asm/5.0.4/asm-5.0.4.jar:/Users/hzxt/Maven/repository/junit/junit/4.12/junit-4.12.jar:/Users/hzxt/Maven/repository/org/assertj/assertj-core/3.11.1/assertj-core-3.11.1.jar:/Users/hzxt/Maven/repository/org/mockito/mockito-core/2.23.4/mockito-core-2.23.4.jar:/Users/hzxt/Maven/repository/net/bytebuddy/byte-buddy/1.9.12/byte-buddy-1.9.12.jar:/Users/hzxt/Maven/repository/net/bytebuddy/byte-buddy-agent/1.9.12/byte-buddy-agent-1.9.12.jar:/Users/hzxt/Maven/repository/org/objenesis/objenesis/2.6/objenesis-2.6.jar:/Users/hzxt/Maven/repository/org/hamcrest/hamcrest-core/1.3/hamcrest-core-1.3.jar:/Users/hzxt/Maven/repository/org/hamcrest/hamcrest-library/1.3/hamcrest-library-1.3.jar:/Users/hzxt/Maven/repository/org/skyscreamer/jsonassert/1.5.0/jsonassert-1.5.0.jar:/Users/hzxt/Maven/repository/com/vaadin/external/google/android-json/0.0.20131108.vaadin1/android-json-0.0.20131108.vaadin1.jar:/Users/hzxt/Maven/repository/org/springframework/spring-core/5.1.6.RELEASE/spring-core-5.1.6.RELEASE.jar:/Users/hzxt/Maven/repository/org/springframework/spring-jcl/5.1.6.RELEASE/spring-jcl-5.1.6.RELEASE.jar:/Users/hzxt/Maven/repository/org/springframework/spring-test/5.1.6.RELEASE/spring-test-5.1.6.RELEASE.jar:/Users/hzxt/Maven/repository/org/xmlunit/xmlunit-core/2.6.2/xmlunit-core-2.6.2.jar:/Users/hzxt/Maven/repository/io/springfox/springfox-swagger2/2.9.2/springfox-swagger2-2.9.2.jar:/Users/hzxt/Maven/repository/io/swagger/swagger-annotations/1.5.20/swagger-annotations-1.5.20.jar:/Users/hzxt/Maven/repository/io/swagger/swagger-models/1.5.20/swagger-models-1.5.20.jar:/Users/hzxt/Maven/repository/com/fasterxml/jackson/core/jackson-annotations/2.9.0/jackson-annotations-2.9.0.jar:/Users/hzxt/Maven/repository/io/springfox/springfox-spi/2.9.2/springfox-spi-2.9.2.jar:/Users/hzxt/Maven/repository/io/springfox/springfox-core/2.9.2/springfox-core-2.9.2.jar:/Users/hzxt/Maven/repository/io/springfox/springfox-schema/2.9.2/springfox-schema-2.9.2.jar:/Users/hzxt/Maven/repository/io/springfox/springfox-swagger-common/2.9.2/springfox-swagger-common-2.9.2.jar:/Users/hzxt/Maven/repository/io/springfox/springfox-spring-web/2.9.2/springfox-spring-web-2.9.2.jar:/Users/hzxt/Maven/repository/com/google/guava/guava/20.0/guava-20.0.jar:/Users/hzxt/Maven/repository/com/fasterxml/classmate/1.4.0/classmate-1.4.0.jar:/Users/hzxt/Maven/repository/org/slf4j/slf4j-api/1.7.26/slf4j-api-1.7.26.jar:/Users/hzxt/Maven/repository/org/springframework/plugin/spring-plugin-core/1.2.0.RELEASE/spring-plugin-core-1.2.0.RELEASE.jar:/Users/hzxt/Maven/repository/org/springframework/plugin/spring-plugin-metadata/1.2.0.RELEASE/spring-plugin-metadata-1.2.0.RELEASE.jar:/Users/hzxt/Maven/repository/org/mapstruct/mapstruct/1.2.0.Final/mapstruct-1.2.0.Final.jar:/Users/hzxt/Maven/repository/io/springfox/springfox-swagger-ui/2.9.2/springfox-swagger-ui-2.9.2.jar:/Users/hzxt/Maven/repository/org/projectlombok/lombok/1.18.6/lombok-1.18.6.jar:/Users/hzxt/Maven/repository/com/alibaba/druid-spring-boot-starter/1.1.13/druid-spring-boot-starter-1.1.13.jar:/Users/hzxt/Maven/repository/com/alibaba/druid/1.1.13/druid-1.1.13.jar:/Users/hzxt/Maven/repository/org/springframework/boot/spring-boot-autoconfigure/2.1.4.RELEASE/spring-boot-autoconfigure-2.1.4.RELEASE.jar:/Users/hzxt/Maven/repository/mysql/mysql-connector-java/5.1.38/mysql-connector-java-5.1.38.jar:/Users/hzxt/Maven/repository/org/mybatis/spring/boot/mybatis-spring-boot-starter/1.3.2/mybatis-spring-boot-starter-1.3.2.jar:/Users/hzxt/Maven/repository/org/springframework/boot/spring-boot-starter-jdbc/2.1.4.RELEASE/spring-boot-starter-jdbc-2.1.4.RELEASE.jar:/Users/hzxt/Maven/repository/com/zaxxer/HikariCP/3.2.0/HikariCP-3.2.0.jar:/Users/hzxt/Maven/repository/org/springframework/spring-jdbc/5.1.6.RELEASE/spring-jdbc-5.1.6.RELEASE.jar:/Users/hzxt/Maven/repository/org/springframework/spring-tx/5.1.6.RELEASE/spring-tx-5.1.6.RELEASE.jar:/Users/hzxt/Maven/repository/org/mybatis/spring/boot/mybatis-spring-boot-autoconfigure/1.3.2/mybatis-spring-boot-autoconfigure-1.3.2.jar:/Users/hzxt/Maven/repository/org/mybatis/mybatis/3.4.6/mybatis-3.4.6.jar:/Users/hzxt/Maven/repository/org/mybatis/mybatis-spring/1.3.2/mybatis-spring-1.3.2.jar:/Users/hzxt/Maven/repository/org/apache/hbase/hbase-client/1.2.0/hbase-client-1.2.0.jar:/Users/hzxt/Maven/repository/org/apache/hbase/hbase-annotations/1.2.0/hbase-annotations-1.2.0.jar:/Users/hzxt/Maven/repository/log4j/log4j/1.2.17/log4j-1.2.17.jar:/Users/hzxt/Maven/repository/org/apache/hbase/hbase-common/1.2.0/hbase-common-1.2.0.jar:/Users/hzxt/Maven/repository/commons-collections/commons-collections/3.2.2/commons-collections-3.2.2.jar:/Users/hzxt/Maven/repository/org/mortbay/jetty/jetty-util/6.1.26/jetty-util-6.1.26.jar:/Users/hzxt/Maven/repository/org/apache/hbase/hbase-protocol/1.2.0/hbase-protocol-1.2.0.jar:/Users/hzxt/Maven/repository/commons-codec/commons-codec/1.11/commons-codec-1.11.jar:/Users/hzxt/Maven/repository/commons-io/commons-io/2.4/commons-io-2.4.jar:/Users/hzxt/Maven/repository/commons-lang/commons-lang/2.6/commons-lang-2.6.jar:/Users/hzxt/Maven/repository/commons-logging/commons-logging/1.2/commons-logging-1.2.jar:/Users/hzxt/Maven/repository/com/google/protobuf/protobuf-java/2.5.0/protobuf-java-2.5.0.jar:/Users/hzxt/Maven/repository/io/netty/netty-all/4.1.34.Final/netty-all-4.1.34.Final.jar:/Users/hzxt/Maven/repository/org/apache/zookeeper/zookeeper/3.4.6/zookeeper-3.4.6.jar:/Users/hzxt/Maven/repository/org/apache/htrace/htrace-core/3.1.0-incubating/htrace-core-3.1.0-incubating.jar:/Users/hzxt/Maven/repository/org/jruby/jcodings/jcodings/1.0.8/jcodings-1.0.8.jar:/Users/hzxt/Maven/repository/org/jruby/joni/joni/2.1.2/joni-2.1.2.jar:/Users/hzxt/Maven/repository/com/yammer/metrics/metrics-core/2.2.0/metrics-core-2.2.0.jar:/Users/hzxt/Maven/repository/org/apache/hadoop/hadoop-auth/2.5.1/hadoop-auth-2.5.1.jar:/Users/hzxt/Maven/repository/org/apache/httpcomponents/httpclient/4.5.8/httpclient-4.5.8.jar:/Users/hzxt/Maven/repository/org/apache/httpcomponents/httpcore/4.4.11/httpcore-4.4.11.jar:/Users/hzxt/Maven/repository/org/apache/directory/server/apacheds-kerberos-codec/2.0.0-M15/apacheds-kerberos-codec-2.0.0-M15.jar:/Users/hzxt/Maven/repository/org/apache/directory/server/apacheds-i18n/2.0.0-M15/apacheds-i18n-2.0.0-M15.jar:/Users/hzxt/Maven/repository/org/apache/directory/api/api-asn1-api/1.0.0-M20/api-asn1-api-1.0.0-M20.jar:/Users/hzxt/Maven/repository/org/apache/directory/api/api-util/1.0.0-M20/api-util-1.0.0-M20.jar:/Users/hzxt/Maven/repository/org/apache/hadoop/hadoop-common/2.5.1/hadoop-common-2.5.1.jar:/Users/hzxt/Maven/repository/org/apache/hadoop/hadoop-annotations/2.5.1/hadoop-annotations-2.5.1.jar:/Users/hzxt/Maven/repository/commons-cli/commons-cli/1.2/commons-cli-1.2.jar:/Users/hzxt/Maven/repository/org/apache/commons/commons-math3/3.1.1/commons-math3-3.1.1.jar:/Users/hzxt/Maven/repository/xmlenc/xmlenc/0.52/xmlenc-0.52.jar:/Users/hzxt/Maven/repository/commons-httpclient/commons-httpclient/3.1/commons-httpclient-3.1.jar:/Users/hzxt/Maven/repository/commons-net/commons-net/3.1/commons-net-3.1.jar:/Users/hzxt/Maven/repository/commons-el/commons-el/1.0/commons-el-1.0.jar:/Users/hzxt/Maven/repository/commons-configuration/commons-configuration/1.6/commons-configuration-1.6.jar:/Users/hzxt/Maven/repository/commons-digester/commons-digester/1.8/commons-digester-1.8.jar:/Users/hzxt/Maven/repository/commons-beanutils/commons-beanutils/1.7.0/commons-beanutils-1.7.0.jar:/Users/hzxt/Maven/repository/org/apache/avro/avro/1.7.4/avro-1.7.4.jar:/Users/hzxt/Maven/repository/com/thoughtworks/paranamer/paranamer/2.3/paranamer-2.3.jar:/Users/hzxt/Maven/repository/org/xerial/snappy/snappy-java/1.0.4.1/snappy-java-1.0.4.1.jar:/Users/hzxt/Maven/repository/com/jcraft/jsch/0.1.42/jsch-0.1.42.jar:/Users/hzxt/Maven/repository/com/google/code/findbugs/jsr305/1.3.9/jsr305-1.3.9.jar:/Users/hzxt/Maven/repository/org/apache/commons/commons-compress/1.4.1/commons-compress-1.4.1.jar:/Users/hzxt/Maven/repository/org/tukaani/xz/1.0/xz-1.0.jar:/Users/hzxt/Maven/repository/org/apache/hadoop/hadoop-mapreduce-client-core/2.5.1/hadoop-mapreduce-client-core-2.5.1.jar:/Users/hzxt/Maven/repository/org/apache/hadoop/hadoop-yarn-common/2.5.1/hadoop-yarn-common-2.5.1.jar:/Users/hzxt/Maven/repository/org/apache/hadoop/hadoop-yarn-api/2.5.1/hadoop-yarn-api-2.5.1.jar:/Users/hzxt/Maven/repository/javax/xml/bind/jaxb-api/2.3.1/jaxb-api-2.3.1.jar:/Users/hzxt/Maven/repository/javax/activation/javax.activation-api/1.2.0/javax.activation-api-1.2.0.jar:/Users/hzxt/Maven/repository/io/netty/netty/3.6.2.Final/netty-3.6.2.Final.jar:/Users/hzxt/Maven/repository/com/github/stephenc/findbugs/findbugs-annotations/1.3.9-1/findbugs-annotations-1.3.9-1.jar:"/>
    <property name="java.vm.vendor" value="Oracle Corporation"/>
    <property name="sun.arch.data.model" value="64"/>
    <property name="java.vendor.url" value="http://java.oracle.com/"/>
    <property name="user.timezone" value=""/>
    <property name="java.vm.specification.version" value="1.8"/>
    <property name="os.name" value="Mac OS X"/>
    <property name="user.country" value="CN"/>
    <property name="sun.java.launcher" value="SUN_STANDARD"/>
    <property name="sun.boot.library.path" value="/Library/Java/JavaVirtualMachines/jdk1.8.0_212.jdk/Contents/Home/jre/lib"/>
    <property name="sun.java.command" value="/Users/hzxt/project/IDEAlEARNING/SpringBoot/spring-test-project/target/surefire/surefirebooter5376103487402925838.jar /Users/hzxt/project/IDEAlEARNING/SpringBoot/spring-test-project/target/surefire 2021-12-07T18-52-04_035-jvmRun1 surefire2315456255861534153tmp surefire_06188117595471857327tmp"/>
    <property name="http.nonProxyHosts" value="local|*.local|169.254/16|*.169.254/16"/>
    <property name="surefire.test.class.path" value="/Users/hzxt/project/IDEAlEARNING/SpringBoot/spring-test-project/target/test-classes:/Users/hzxt/project/IDEAlEARNING/SpringBoot/spring-test-project/target/classes:/Users/hzxt/Maven/repository/org/springframework/boot/spring-boot-starter-web/2.1.4.RELEASE/spring-boot-starter-web-2.1.4.RELEASE.jar:/Users/hzxt/Maven/repository/org/springframework/boot/spring-boot-starter/2.1.4.RELEASE/spring-boot-starter-2.1.4.RELEASE.jar:/Users/hzxt/Maven/repository/org/springframework/boot/spring-boot/2.1.4.RELEASE/spring-boot-2.1.4.RELEASE.jar:/Users/hzxt/Maven/repository/org/springframework/boot/spring-boot-starter-logging/2.1.4.RELEASE/spring-boot-starter-logging-2.1.4.RELEASE.jar:/Users/hzxt/Maven/repository/ch/qos/logback/logback-classic/1.2.3/logback-classic-1.2.3.jar:/Users/hzxt/Maven/repository/ch/qos/logback/logback-core/1.2.3/logback-core-1.2.3.jar:/Users/hzxt/Maven/repository/org/apache/logging/log4j/log4j-to-slf4j/2.11.2/log4j-to-slf4j-2.11.2.jar:/Users/hzxt/Maven/repository/org/apache/logging/log4j/log4j-api/2.11.2/log4j-api-2.11.2.jar:/Users/hzxt/Maven/repository/org/slf4j/jul-to-slf4j/1.7.26/jul-to-slf4j-1.7.26.jar:/Users/hzxt/Maven/repository/javax/annotation/javax.annotation-api/1.3.2/javax.annotation-api-1.3.2.jar:/Users/hzxt/Maven/repository/org/yaml/snakeyaml/1.23/snakeyaml-1.23.jar:/Users/hzxt/Maven/repository/org/springframework/boot/spring-boot-starter-json/2.1.4.RELEASE/spring-boot-starter-json-2.1.4.RELEASE.jar:/Users/hzxt/Maven/repository/com/fasterxml/jackson/core/jackson-databind/2.9.8/jackson-databind-2.9.8.jar:/Users/hzxt/Maven/repository/com/fasterxml/jackson/core/jackson-core/2.9.8/jackson-core-2.9.8.jar:/Users/hzxt/Maven/repository/com/fasterxml/jackson/datatype/jackson-datatype-jdk8/2.9.8/jackson-datatype-jdk8-2.9.8.jar:/Users/hzxt/Maven/repository/com/fasterxml/jackson/datatype/jackson-datatype-jsr310/2.9.8/jackson-datatype-jsr310-2.9.8.jar:/Users/hzxt/Maven/repository/com/fasterxml/jackson/module/jackson-module-parameter-names/2.9.8/jackson-module-parameter-names-2.9.8.jar:/Users/hzxt/Maven/repository/org/springframework/boot/spring-boot-starter-tomcat/2.1.4.RELEASE/spring-boot-starter-tomcat-2.1.4.RELEASE.jar:/Users/hzxt/Maven/repository/org/apache/tomcat/embed/tomcat-embed-core/9.0.17/tomcat-embed-core-9.0.17.jar:/Users/hzxt/Maven/repository/org/apache/tomcat/embed/tomcat-embed-el/9.0.17/tomcat-embed-el-9.0.17.jar:/Users/hzxt/Maven/repository/org/apache/tomcat/embed/tomcat-embed-websocket/9.0.17/tomcat-embed-websocket-9.0.17.jar:/Users/hzxt/Maven/repository/org/hibernate/validator/hibernate-validator/6.0.16.Final/hibernate-validator-6.0.16.Final.jar:/Users/hzxt/Maven/repository/javax/validation/validation-api/2.0.1.Final/validation-api-2.0.1.Final.jar:/Users/hzxt/Maven/repository/org/jboss/logging/jboss-logging/3.3.2.Final/jboss-logging-3.3.2.Final.jar:/Users/hzxt/Maven/repository/org/springframework/spring-web/5.1.6.RELEASE/spring-web-5.1.6.RELEASE.jar:/Users/hzxt/Maven/repository/org/springframework/spring-beans/5.1.6.RELEASE/spring-beans-5.1.6.RELEASE.jar:/Users/hzxt/Maven/repository/org/springframework/spring-webmvc/5.1.6.RELEASE/spring-webmvc-5.1.6.RELEASE.jar:/Users/hzxt/Maven/repository/org/springframework/spring-aop/5.1.6.RELEASE/spring-aop-5.1.6.RELEASE.jar:/Users/hzxt/Maven/repository/org/springframework/spring-context/5.1.6.RELEASE/spring-context-5.1.6.RELEASE.jar:/Users/hzxt/Maven/repository/org/springframework/spring-expression/5.1.6.RELEASE/spring-expression-5.1.6.RELEASE.jar:/Users/hzxt/Maven/repository/org/springframework/boot/spring-boot-configuration-processor/2.1.4.RELEASE/spring-boot-configuration-processor-2.1.4.RELEASE.jar:/Users/hzxt/Maven/repository/org/springframework/boot/spring-boot-starter-test/2.1.4.RELEASE/spring-boot-starter-test-2.1.4.RELEASE.jar:/Users/hzxt/Maven/repository/org/springframework/boot/spring-boot-test/2.1.4.RELEASE/spring-boot-test-2.1.4.RELEASE.jar:/Users/hzxt/Maven/repository/org/springframework/boot/spring-boot-test-autoconfigure/2.1.4.RELEASE/spring-boot-test-autoconfigure-2.1.4.RELEASE.jar:/Users/hzxt/Maven/repository/com/jayway/jsonpath/json-path/2.4.0/json-path-2.4.0.jar:/Users/hzxt/Maven/repository/net/minidev/json-smart/2.3/json-smart-2.3.jar:/Users/hzxt/Maven/repository/net/minidev/accessors-smart/1.2/accessors-smart-1.2.jar:/Users/hzxt/Maven/repository/org/ow2/asm/asm/5.0.4/asm-5.0.4.jar:/Users/hzxt/Maven/repository/junit/junit/4.12/junit-4.12.jar:/Users/hzxt/Maven/repository/org/assertj/assertj-core/3.11.1/assertj-core-3.11.1.jar:/Users/hzxt/Maven/repository/org/mockito/mockito-core/2.23.4/mockito-core-2.23.4.jar:/Users/hzxt/Maven/repository/net/bytebuddy/byte-buddy/1.9.12/byte-buddy-1.9.12.jar:/Users/hzxt/Maven/repository/net/bytebuddy/byte-buddy-agent/1.9.12/byte-buddy-agent-1.9.12.jar:/Users/hzxt/Maven/repository/org/objenesis/objenesis/2.6/objenesis-2.6.jar:/Users/hzxt/Maven/repository/org/hamcrest/hamcrest-core/1.3/hamcrest-core-1.3.jar:/Users/hzxt/Maven/repository/org/hamcrest/hamcrest-library/1.3/hamcrest-library-1.3.jar:/Users/hzxt/Maven/repository/org/skyscreamer/jsonassert/1.5.0/jsonassert-1.5.0.jar:/Users/hzxt/Maven/repository/com/vaadin/external/google/android-json/0.0.20131108.vaadin1/android-json-0.0.20131108.vaadin1.jar:/Users/hzxt/Maven/repository/org/springframework/spring-core/5.1.6.RELEASE/spring-core-5.1.6.RELEASE.jar:/Users/hzxt/Maven/repository/org/springframework/spring-jcl/5.1.6.RELEASE/spring-jcl-5.1.6.RELEASE.jar:/Users/hzxt/Maven/repository/org/springframework/spring-test/5.1.6.RELEASE/spring-test-5.1.6.RELEASE.jar:/Users/hzxt/Maven/repository/org/xmlunit/xmlunit-core/2.6.2/xmlunit-core-2.6.2.jar:/Users/hzxt/Maven/repository/io/springfox/springfox-swagger2/2.9.2/springfox-swagger2-2.9.2.jar:/Users/hzxt/Maven/repository/io/swagger/swagger-annotations/1.5.20/swagger-annotations-1.5.20.jar:/Users/hzxt/Maven/repository/io/swagger/swagger-models/1.5.20/swagger-models-1.5.20.jar:/Users/hzxt/Maven/repository/com/fasterxml/jackson/core/jackson-annotations/2.9.0/jackson-annotations-2.9.0.jar:/Users/hzxt/Maven/repository/io/springfox/springfox-spi/2.9.2/springfox-spi-2.9.2.jar:/Users/hzxt/Maven/repository/io/springfox/springfox-core/2.9.2/springfox-core-2.9.2.jar:/Users/hzxt/Maven/repository/io/springfox/springfox-schema/2.9.2/springfox-schema-2.9.2.jar:/Users/hzxt/Maven/repository/io/springfox/springfox-swagger-common/2.9.2/springfox-swagger-common-2.9.2.jar:/Users/hzxt/Maven/repository/io/springfox/springfox-spring-web/2.9.2/springfox-spring-web-2.9.2.jar:/Users/hzxt/Maven/repository/com/google/guava/guava/20.0/guava-20.0.jar:/Users/hzxt/Maven/repository/com/fasterxml/classmate/1.4.0/classmate-1.4.0.jar:/Users/hzxt/Maven/repository/org/slf4j/slf4j-api/1.7.26/slf4j-api-1.7.26.jar:/Users/hzxt/Maven/repository/org/springframework/plugin/spring-plugin-core/1.2.0.RELEASE/spring-plugin-core-1.2.0.RELEASE.jar:/Users/hzxt/Maven/repository/org/springframework/plugin/spring-plugin-metadata/1.2.0.RELEASE/spring-plugin-metadata-1.2.0.RELEASE.jar:/Users/hzxt/Maven/repository/org/mapstruct/mapstruct/1.2.0.Final/mapstruct-1.2.0.Final.jar:/Users/hzxt/Maven/repository/io/springfox/springfox-swagger-ui/2.9.2/springfox-swagger-ui-2.9.2.jar:/Users/hzxt/Maven/repository/org/projectlombok/lombok/1.18.6/lombok-1.18.6.jar:/Users/hzxt/Maven/repository/com/alibaba/druid-spring-boot-starter/1.1.13/druid-spring-boot-starter-1.1.13.jar:/Users/hzxt/Maven/repository/com/alibaba/druid/1.1.13/druid-1.1.13.jar:/Users/hzxt/Maven/repository/org/springframework/boot/spring-boot-autoconfigure/2.1.4.RELEASE/spring-boot-autoconfigure-2.1.4.RELEASE.jar:/Users/hzxt/Maven/repository/mysql/mysql-connector-java/5.1.38/mysql-connector-java-5.1.38.jar:/Users/hzxt/Maven/repository/org/mybatis/spring/boot/mybatis-spring-boot-starter/1.3.2/mybatis-spring-boot-starter-1.3.2.jar:/Users/hzxt/Maven/repository/org/springframework/boot/spring-boot-starter-jdbc/2.1.4.RELEASE/spring-boot-starter-jdbc-2.1.4.RELEASE.jar:/Users/hzxt/Maven/repository/com/zaxxer/HikariCP/3.2.0/HikariCP-3.2.0.jar:/Users/hzxt/Maven/repository/org/springframework/spring-jdbc/5.1.6.RELEASE/spring-jdbc-5.1.6.RELEASE.jar:/Users/hzxt/Maven/repository/org/springframework/spring-tx/5.1.6.RELEASE/spring-tx-5.1.6.RELEASE.jar:/Users/hzxt/Maven/repository/org/mybatis/spring/boot/mybatis-spring-boot-autoconfigure/1.3.2/mybatis-spring-boot-autoconfigure-1.3.2.jar:/Users/hzxt/Maven/repository/org/mybatis/mybatis/3.4.6/mybatis-3.4.6.jar:/Users/hzxt/Maven/repository/org/mybatis/mybatis-spring/1.3.2/mybatis-spring-1.3.2.jar:/Users/hzxt/Maven/repository/org/apache/hbase/hbase-client/1.2.0/hbase-client-1.2.0.jar:/Users/hzxt/Maven/repository/org/apache/hbase/hbase-annotations/1.2.0/hbase-annotations-1.2.0.jar:/Users/hzxt/Maven/repository/log4j/log4j/1.2.17/log4j-1.2.17.jar:/Users/hzxt/Maven/repository/org/apache/hbase/hbase-common/1.2.0/hbase-common-1.2.0.jar:/Users/hzxt/Maven/repository/commons-collections/commons-collections/3.2.2/commons-collections-3.2.2.jar:/Users/hzxt/Maven/repository/org/mortbay/jetty/jetty-util/6.1.26/jetty-util-6.1.26.jar:/Users/hzxt/Maven/repository/org/apache/hbase/hbase-protocol/1.2.0/hbase-protocol-1.2.0.jar:/Users/hzxt/Maven/repository/commons-codec/commons-codec/1.11/commons-codec-1.11.jar:/Users/hzxt/Maven/repository/commons-io/commons-io/2.4/commons-io-2.4.jar:/Users/hzxt/Maven/repository/commons-lang/commons-lang/2.6/commons-lang-2.6.jar:/Users/hzxt/Maven/repository/commons-logging/commons-logging/1.2/commons-logging-1.2.jar:/Users/hzxt/Maven/repository/com/google/protobuf/protobuf-java/2.5.0/protobuf-java-2.5.0.jar:/Users/hzxt/Maven/repository/io/netty/netty-all/4.1.34.Final/netty-all-4.1.34.Final.jar:/Users/hzxt/Maven/repository/org/apache/zookeeper/zookeeper/3.4.6/zookeeper-3.4.6.jar:/Users/hzxt/Maven/repository/org/apache/htrace/htrace-core/3.1.0-incubating/htrace-core-3.1.0-incubating.jar:/Users/hzxt/Maven/repository/org/jruby/jcodings/jcodings/1.0.8/jcodings-1.0.8.jar:/Users/hzxt/Maven/repository/org/jruby/joni/joni/2.1.2/joni-2.1.2.jar:/Users/hzxt/Maven/repository/com/yammer/metrics/metrics-core/2.2.0/metrics-core-2.2.0.jar:/Users/hzxt/Maven/repository/org/apache/hadoop/hadoop-auth/2.5.1/hadoop-auth-2.5.1.jar:/Users/hzxt/Maven/repository/org/apache/httpcomponents/httpclient/4.5.8/httpclient-4.5.8.jar:/Users/hzxt/Maven/repository/org/apache/httpcomponents/httpcore/4.4.11/httpcore-4.4.11.jar:/Users/hzxt/Maven/repository/org/apache/directory/server/apacheds-kerberos-codec/2.0.0-M15/apacheds-kerberos-codec-2.0.0-M15.jar:/Users/hzxt/Maven/repository/org/apache/directory/server/apacheds-i18n/2.0.0-M15/apacheds-i18n-2.0.0-M15.jar:/Users/hzxt/Maven/repository/org/apache/directory/api/api-asn1-api/1.0.0-M20/api-asn1-api-1.0.0-M20.jar:/Users/hzxt/Maven/repository/org/apache/directory/api/api-util/1.0.0-M20/api-util-1.0.0-M20.jar:/Users/hzxt/Maven/repository/org/apache/hadoop/hadoop-common/2.5.1/hadoop-common-2.5.1.jar:/Users/hzxt/Maven/repository/org/apache/hadoop/hadoop-annotations/2.5.1/hadoop-annotations-2.5.1.jar:/Users/hzxt/Maven/repository/commons-cli/commons-cli/1.2/commons-cli-1.2.jar:/Users/hzxt/Maven/repository/org/apache/commons/commons-math3/3.1.1/commons-math3-3.1.1.jar:/Users/hzxt/Maven/repository/xmlenc/xmlenc/0.52/xmlenc-0.52.jar:/Users/hzxt/Maven/repository/commons-httpclient/commons-httpclient/3.1/commons-httpclient-3.1.jar:/Users/hzxt/Maven/repository/commons-net/commons-net/3.1/commons-net-3.1.jar:/Users/hzxt/Maven/repository/commons-el/commons-el/1.0/commons-el-1.0.jar:/Users/hzxt/Maven/repository/commons-configuration/commons-configuration/1.6/commons-configuration-1.6.jar:/Users/hzxt/Maven/repository/commons-digester/commons-digester/1.8/commons-digester-1.8.jar:/Users/hzxt/Maven/repository/commons-beanutils/commons-beanutils/1.7.0/commons-beanutils-1.7.0.jar:/Users/hzxt/Maven/repository/org/apache/avro/avro/1.7.4/avro-1.7.4.jar:/Users/hzxt/Maven/repository/com/thoughtworks/paranamer/paranamer/2.3/paranamer-2.3.jar:/Users/hzxt/Maven/repository/org/xerial/snappy/snappy-java/1.0.4.1/snappy-java-1.0.4.1.jar:/Users/hzxt/Maven/repository/com/jcraft/jsch/0.1.42/jsch-0.1.42.jar:/Users/hzxt/Maven/repository/com/google/code/findbugs/jsr305/1.3.9/jsr305-1.3.9.jar:/Users/hzxt/Maven/repository/org/apache/commons/commons-compress/1.4.1/commons-compress-1.4.1.jar:/Users/hzxt/Maven/repository/org/tukaani/xz/1.0/xz-1.0.jar:/Users/hzxt/Maven/repository/org/apache/hadoop/hadoop-mapreduce-client-core/2.5.1/hadoop-mapreduce-client-core-2.5.1.jar:/Users/hzxt/Maven/repository/org/apache/hadoop/hadoop-yarn-common/2.5.1/hadoop-yarn-common-2.5.1.jar:/Users/hzxt/Maven/repository/org/apache/hadoop/hadoop-yarn-api/2.5.1/hadoop-yarn-api-2.5.1.jar:/Users/hzxt/Maven/repository/javax/xml/bind/jaxb-api/2.3.1/jaxb-api-2.3.1.jar:/Users/hzxt/Maven/repository/javax/activation/javax.activation-api/1.2.0/javax.activation-api-1.2.0.jar:/Users/hzxt/Maven/repository/io/netty/netty/3.6.2.Final/netty-3.6.2.Final.jar:/Users/hzxt/Maven/repository/com/github/stephenc/findbugs/findbugs-annotations/1.3.9-1/findbugs-annotations-1.3.9-1.jar:"/>
    <property name="sun.cpu.endian" value="little"/>
    <property name="user.home" value="/Users/hzxt"/>
    <property name="user.language" value="zh"/>
    <property name="java.specification.vendor" value="Oracle Corporation"/>
    <property name="java.home" value="/Library/Java/JavaVirtualMachines/jdk1.8.0_212.jdk/Contents/Home/jre"/>
    <property name="basedir" value="/Users/hzxt/project/IDEAlEARNING/SpringBoot/spring-test-project"/>
    <property name="file.separator" value="/"/>
    <property name="line.separator" value="&#10;"/>
    <property name="java.vm.specification.vendor" value="Oracle Corporation"/>
    <property name="java.specification.name" value="Java Platform API Specification"/>
    <property name="java.awt.graphicsenv" value="sun.awt.CGraphicsEnvironment"/>
    <property name="surefire.real.class.path" value="/Users/hzxt/project/IDEAlEARNING/SpringBoot/spring-test-project/target/surefire/surefirebooter5376103487402925838.jar"/>
    <property name="sun.boot.class.path" value="/Library/Java/JavaVirtualMachines/jdk1.8.0_212.jdk/Contents/Home/jre/lib/resources.jar:/Library/Java/JavaVirtualMachines/jdk1.8.0_212.jdk/Contents/Home/jre/lib/rt.jar:/Library/Java/JavaVirtualMachines/jdk1.8.0_212.jdk/Contents/Home/jre/lib/sunrsasign.jar:/Library/Java/JavaVirtualMachines/jdk1.8.0_212.jdk/Contents/Home/jre/lib/jsse.jar:/Library/Java/JavaVirtualMachines/jdk1.8.0_212.jdk/Contents/Home/jre/lib/jce.jar:/Library/Java/JavaVirtualMachines/jdk1.8.0_212.jdk/Contents/Home/jre/lib/charsets.jar:/Library/Java/JavaVirtualMachines/jdk1.8.0_212.jdk/Contents/Home/jre/lib/jfr.jar:/Library/Java/JavaVirtualMachines/jdk1.8.0_212.jdk/Contents/Home/jre/classes"/>
    <property name="sun.management.compiler" value="HotSpot 64-Bit Tiered Compilers"/>
    <property name="ftp.nonProxyHosts" value="local|*.local|169.254/16|*.169.254/16"/>
    <property name="java.runtime.version" value="1.8.0_212-b10"/>
    <property name="user.name" value="hzxt"/>
    <property name="path.separator" value=":"/>
    <property name="os.version" value="10.14.6"/>
    <property name="java.endorsed.dirs" value="/Library/Java/JavaVirtualMachines/jdk1.8.0_212.jdk/Contents/Home/jre/lib/endorsed"/>
    <property name="java.runtime.name" value="Java(TM) SE Runtime Environment"/>
    <property name="file.encoding" value="UTF-8"/>
    <property name="java.vm.name" value="Java HotSpot(TM) 64-Bit Server VM"/>
    <property name="localRepository" value="/Users/hzxt/Maven/repository"/>
    <property name="java.vendor.url.bug" value="http://bugreport.sun.com/bugreport/"/>
    <property name="java.io.tmpdir" value="/var/folders/8d/lgk9v9fs4032gwz3qtdjy_vw0000gn/T/"/>
    <property name="java.version" value="1.8.0_212"/>
    <property name="user.dir" value="/Users/hzxt/project/IDEAlEARNING/SpringBoot/spring-test-project"/>
    <property name="os.arch" value="x86_64"/>
    <property name="java.vm.specification.name" value="Java Virtual Machine Specification"/>
    <property name="java.awt.printerjob" value="sun.lwawt.macosx.CPrinterJob"/>
    <property name="sun.os.patch.level" value="unknown"/>
    <property name="java.library.path" value="/Users/hzxt/Library/Java/Extensions:/Library/Java/Extensions:/Network/Library/Java/Extensions:/System/Library/Java/Extensions:/usr/lib/java:."/>
    <property name="java.vm.info" value="mixed mode"/>
    <property name="java.vendor" value="Oracle Corporation"/>
    <property name="java.vm.version" value="25.212-b10"/>
    <property name="java.ext.dirs" value="/Users/hzxt/Library/Java/Extensions:/Library/Java/JavaVirtualMachines/jdk1.8.0_212.jdk/Contents/Home/jre/lib/ext:/Library/Java/Extensions:/Network/Library/Java/Extensions:/System/Library/Java/Extensions:/usr/lib/java"/>
    <property name="sun.io.unicode.encoding" value="UnicodeBig"/>
    <property name="java.class.version" value="52.0"/>
    <property name="socksNonProxyHosts" value="local|*.local|169.254/16|*.169.254/16"/>
  </properties>
  <testcase name="contextLoads" classname="com.shenque.SpringTestProjectApplicationTests" time="0.379"/>
</testsuite>